<?xml version="1.0" encoding="UTF-8"?>
<testng-results ignored="0" total="2" passed="1" failed="1" skipped="0">
  <reporter-output>
  </reporter-output>
  <suite started-at="2023-02-18T08:08:13 IST" name="Default suite" finished-at="2023-02-18T08:08:54 IST" duration-ms="40406">
    <groups>
    </groups>
    <test started-at="2023-02-18T08:08:13 IST" name="Default test" finished-at="2023-02-18T08:08:54 IST" duration-ms="40406">
      <class name="Module1_Home_TestClasses.Insurance_TestNG_TestClass">
        <test-method is-config="true" signature="OpenBrowser()[pri:0, instance:Module1_Home_TestClasses.Insurance_TestNG_TestClass@6dc17b83]" started-at="2023-02-18T08:08:13 IST" name="OpenBrowser" finished-at="2023-02-18T08:08:24 IST" duration-ms="10920" status="PASS">
          <reporter-output>
          </reporter-output>
        </test-method> <!-- OpenBrowser -->
        <test-method is-config="true" signature="loginToApp()[pri:0, instance:Module1_Home_TestClasses.Insurance_TestNG_TestClass@6dc17b83]" started-at="2023-02-18T08:08:24 IST" name="loginToApp" finished-at="2023-02-18T08:08:29 IST" duration-ms="5079" status="PASS">
          <reporter-output>
          </reporter-output>
        </test-method> <!-- loginToApp -->
        <test-method signature="VerifyEmailAddress()[pri:1, instance:Module1_Home_TestClasses.Insurance_TestNG_TestClass@6dc17b83]" started-at="2023-02-18T08:08:29 IST" name="VerifyEmailAddress" finished-at="2023-02-18T08:08:30 IST" duration-ms="733" status="PASS">
          <reporter-output>
          </reporter-output>
        </test-method> <!-- VerifyEmailAddress -->
        <test-method is-config="true" signature="LogoutFromApp(org.testng.ITestResult)[pri:0, instance:Module1_Home_TestClasses.Insurance_TestNG_TestClass@6dc17b83]" started-at="2023-02-18T08:08:30 IST" name="LogoutFromApp" finished-at="2023-02-18T08:08:32 IST" duration-ms="2064" status="PASS">
          <params>
            <param index="0">
              <value>
                <![CDATA[[TestResult name=VerifyEmailAddress status=SUCCESS method=Insurance_TestNG_TestClass.VerifyEmailAddress()[pri:1, instance:Module1_Home_TestClasses.Insurance_TestNG_TestClass@6dc17b83] output={null}]]]>
              </value>
            </param>
          </params>
          <reporter-output>
          </reporter-output>
        </test-method> <!-- LogoutFromApp -->
        <test-method is-config="true" signature="loginToApp()[pri:0, instance:Module1_Home_TestClasses.Insurance_TestNG_TestClass@6dc17b83]" started-at="2023-02-18T08:08:32 IST" name="loginToApp" finished-at="2023-02-18T08:08:34 IST" duration-ms="1911" status="PASS">
          <reporter-output>
          </reporter-output>
        </test-method> <!-- loginToApp -->
        <test-method signature="VerifyTitle()[pri:2, instance:Module1_Home_TestClasses.Insurance_TestNG_TestClass@6dc17b83]" started-at="2023-02-18T08:08:34 IST" name="VerifyTitle" finished-at="2023-02-18T08:08:34 IST" duration-ms="59" status="FAIL">
          <exception class="java.lang.AssertionError">
            <message>
              <![CDATA[expected [Insurance Broker System1] but found [Insurance Broker System]]]>
            </message>
            <full-stacktrace>
              <![CDATA[java.lang.AssertionError: expected [Insurance Broker System1] but found [Insurance Broker System]
at org.testng.Assert.fail(Assert.java:99)
at org.testng.Assert.failNotEquals(Assert.java:1037)
at org.testng.Assert.assertEqualsImpl(Assert.java:140)
at org.testng.Assert.assertEquals(Assert.java:122)
at org.testng.Assert.assertEquals(Assert.java:629)
at org.testng.Assert.assertEquals(Assert.java:639)
at Module1_Home_TestClasses.Insurance_TestNG_TestClass.VerifyTitle(Insurance_TestNG_TestClass.java:80)
at java.base/jdk.internal.reflect.DirectMethodHandleAccessor.invoke(DirectMethodHandleAccessor.java:104)
at java.base/java.lang.reflect.Method.invoke(Method.java:577)
at org.testng.internal.MethodInvocationHelper.invokeMethod(MethodInvocationHelper.java:133)
at org.testng.internal.TestInvoker.invokeMethod(TestInvoker.java:598)
at org.testng.internal.TestInvoker.invokeTestMethod(TestInvoker.java:173)
at org.testng.internal.MethodRunner.runInSequence(MethodRunner.java:46)
at org.testng.internal.TestInvoker$MethodInvocationAgent.invoke(TestInvoker.java:824)
at org.testng.internal.TestInvoker.invokeTestMethods(TestInvoker.java:146)
at org.testng.internal.TestMethodWorker.invokeTestMethods(TestMethodWorker.java:146)
at org.testng.internal.TestMethodWorker.run(TestMethodWorker.java:128)
at java.base/java.util.ArrayList.forEach(ArrayList.java:1511)
at org.testng.TestRunner.privateRun(TestRunner.java:794)
at org.testng.TestRunner.run(TestRunner.java:596)
at org.testng.SuiteRunner.runTest(SuiteRunner.java:377)
at org.testng.SuiteRunner.runSequentially(SuiteRunner.java:371)
at org.testng.SuiteRunner.privateRun(SuiteRunner.java:332)
at org.testng.SuiteRunner.run(SuiteRunner.java:276)
at org.testng.SuiteRunnerWorker.runSuite(SuiteRunnerWorker.java:53)
at org.testng.SuiteRunnerWorker.run(SuiteRunnerWorker.java:96)
at org.testng.TestNG.runSuitesSequentially(TestNG.java:1212)
at org.testng.TestNG.runSuitesLocally(TestNG.java:1134)
at org.testng.TestNG.runSuites(TestNG.java:1063)
at org.testng.TestNG.run(TestNG.java:1031)
at org.testng.remote.AbstractRemoteTestNG.run(AbstractRemoteTestNG.java:115)
at org.testng.remote.RemoteTestNG.initAndRun(RemoteTestNG.java:251)
at org.testng.remote.RemoteTestNG.main(RemoteTestNG.java:77)
]]>
            </full-stacktrace>
          </exception> <!-- java.lang.AssertionError -->
          <reporter-output>
          </reporter-output>
        </test-method> <!-- VerifyTitle -->
        <test-method is-config="true" signature="LogoutFromApp(org.testng.ITestResult)[pri:0, instance:Module1_Home_TestClasses.Insurance_TestNG_TestClass@6dc17b83]" started-at="2023-02-18T08:08:34 IST" name="LogoutFromApp" finished-at="2023-02-18T08:08:37 IST" duration-ms="3353" status="PASS">
          <params>
            <param index="0">
              <value>
                <![CDATA[[TestResult name=VerifyTitle status=FAILURE method=Insurance_TestNG_TestClass.VerifyTitle()[pri:2, instance:Module1_Home_TestClasses.Insurance_TestNG_TestClass@6dc17b83] output={null}]]]>
              </value>
            </param>
          </params>
          <reporter-output>
          </reporter-output>
        </test-method> <!-- LogoutFromApp -->
        <test-method is-config="true" signature="CloseBrowser()[pri:0, instance:Module1_Home_TestClasses.Insurance_TestNG_TestClass@6dc17b83]" started-at="2023-02-18T08:08:37 IST" name="CloseBrowser" finished-at="2023-02-18T08:08:54 IST" duration-ms="16261" status="PASS">
          <reporter-output>
          </reporter-output>
        </test-method> <!-- CloseBrowser -->
      </class> <!-- Module1_Home_TestClasses.Insurance_TestNG_TestClass -->
    </test> <!-- Default test -->
  </suite> <!-- Default suite -->
</testng-results>
